#
# There is insufficient memory for the Java Runtime Environment to continue.
# Native memory allocation (mmap) failed to map 134217728 bytes for Failed to commit area from 0x0000000081200000 to 0x0000000089200000 of length 134217728.
# Possible reasons:
#   The system is out of physical RAM or swap space
#   The process is running with CompressedOops enabled, and the Java Heap may be blocking the growth of the native heap
# Possible solutions:
#   Reduce memory load on the system
#   Increase physical memory or swap space
#   Check if swap backing store is full
#   Decrease Java heap size (-Xmx/-Xms)
#   Decrease number of Java threads
#   Decrease Java thread stack sizes (-Xss)
#   Set larger code cache with -XX:ReservedCodeCacheSize=
# This output file may be truncated or incomplete.
#
#  Out of Memory Error (t:/workspace/open/src/hotspot/os/windows/os_windows.cpp:3264), pid=8312, tid=3560
#
# JRE version:  (12.0.2+10) (build )
# Java VM: Java HotSpot(TM) 64-Bit Server VM (12.0.2+10, mixed mode, aot, sharing, tiered, compressed oops, g1 gc, windows-amd64)
# No core dump will be written. Minidumps are not enabled by default on client versions of Windows
#

---------------  S U M M A R Y ------------

Command Line: JavaEDT.Essai1

Host: Intel(R) Core(TM) i5-6300U CPU @ 2.40GHz, 4 cores, 7G,  Windows 10 , 64 bit Build 18362 (10.0.18362.778)
Time: Sat May 23 15:13:16 2020 Paris, Madrid (heure d?été) elapsed time: 0 seconds (0d 0h 0m 0s)

---------------  T H R E A D  ---------------

Current thread (0x000002107b928800):  JavaThread "Unknown thread" [_thread_in_vm, id=3560, stack(0x00000034e7f00000,0x00000034e8000000)]

Stack: [0x00000034e7f00000,0x00000034e8000000]
Native frames: (J=compiled Java code, j=interpreted, Vv=VM code, C=native code)
V  [jvm.dll+0x63aa2a]
V  [jvm.dll+0x78ce1e]
V  [jvm.dll+0x78e4c1]
V  [jvm.dll+0x78eb13]
V  [jvm.dll+0x2627e8]
V  [jvm.dll+0x637f5a]
V  [jvm.dll+0x62c845]
V  [jvm.dll+0x31e49c]
V  [jvm.dll+0x31e2cf]
V  [jvm.dll+0x324006]
V  [jvm.dll+0x371f56]
V  [jvm.dll+0x371720]
V  [jvm.dll+0x2f845a]
V  [jvm.dll+0x2f96d2]
V  [jvm.dll+0x767267]
V  [jvm.dll+0x7689f5]
V  [jvm.dll+0x380059]
V  [jvm.dll+0x74b794]
V  [jvm.dll+0x3ef5cd]
V  [jvm.dll+0x3f1471]
C  [jli.dll+0x51cf]
C  [ucrtbase.dll+0x20e82]
C  [KERNEL32.DLL+0x17bd4]
C  [ntdll.dll+0x6ce51]


---------------  P R O C E S S  ---------------

Threads class SMR info:
_java_thread_list=0x00007ff9ee4b7928, length=0, elements={
}

Java Threads: ( => current thread )

Other Threads:
  0x000002107b966800 GCTaskThread "GC Thread#0" [stack: 0x00000034e8000000,0x00000034e8100000] [id=10468]
  0x000002107b974800 ConcurrentGCThread "G1 Main Marker" [stack: 0x00000034e8100000,0x00000034e8200000] [id=19796]
  0x000002107b978800 ConcurrentGCThread "G1 Conc#0" [stack: 0x00000034e8200000,0x00000034e8300000] [id=20088]

[error occurred during error reporting (printing all threads), id 0xc0000005, EXCEPTION_ACCESS_VIOLATION (0xc0000005) at pc=0x00007ff9edce85e7]

VM state:not at safepoint (not fully initialized)

VM Mutex/Monitor currently owned by a thread:  ([mutex/lock_event])
[0x000002107b926500] Heap_lock - owner thread: 0x000002107b928800

Heap address: 0x0000000081200000, size: 2030 MB, Compressed Oops mode: Non-zero based: 0x0000000081200000
Narrow klass base: 0x0000000000000000, Narrow klass shift: 0

GC Heap History (0 events):
No events

Deoptimization events (0 events):
No events

Classes redefined (0 events):
No events

Internal exceptions (0 events):
No events

Events (0 events):
No events


Dynamic libraries:
0x00007ff7cb2b0000 - 0x00007ff7cb2bf000 	C:\Program Files\Java\jdk-12.0.2\bin\java.exe
0x00007ffa5b780000 - 0x00007ffa5b970000 	C:\WINDOWS\SYSTEM32\ntdll.dll
0x00007ffa59dc0000 - 0x00007ffa59e72000 	C:\WINDOWS\System32\KERNEL32.DLL
0x00007ffa59220000 - 0x00007ffa594c4000 	C:\WINDOWS\System32\KERNELBASE.dll
0x00007ffa59650000 - 0x00007ffa5974a000 	C:\WINDOWS\System32\ucrtbase.dll
0x00007ffa4e040000 - 0x00007ffa4e058000 	C:\Program Files\Java\jdk-12.0.2\bin\jli.dll
0x00007ffa5b150000 - 0x00007ffa5b1f3000 	C:\WINDOWS\System32\ADVAPI32.dll
0x00007ffa59d20000 - 0x00007ffa59dbe000 	C:\WINDOWS\System32\msvcrt.dll
0x00007ffa5ad90000 - 0x00007ffa5ae27000 	C:\WINDOWS\System32\sechost.dll
0x00007ffa52980000 - 0x00007ffa52996000 	C:\Program Files\Java\jdk-12.0.2\bin\VCRUNTIME140.dll
0x00007ffa5a3d0000 - 0x00007ffa5a4f0000 	C:\WINDOWS\System32\RPCRT4.dll
0x00007ffa5a4f0000 - 0x00007ffa5a684000 	C:\WINDOWS\System32\USER32.dll
0x00007ffa597a0000 - 0x00007ffa597c1000 	C:\WINDOWS\System32\win32u.dll
0x00007ffa5b3f0000 - 0x00007ffa5b416000 	C:\WINDOWS\System32\GDI32.dll
0x00007ffa4d4e0000 - 0x00007ffa4d764000 	C:\WINDOWS\WinSxS\amd64_microsoft.windows.common-controls_6595b64144ccf1df_6.0.18362.836_none_e6c4b943130f18ed\COMCTL32.dll
0x00007ffa59080000 - 0x00007ffa59214000 	C:\WINDOWS\System32\gdi32full.dll
0x00007ffa59910000 - 0x00007ffa59c46000 	C:\WINDOWS\System32\combase.dll
0x00007ffa59580000 - 0x00007ffa5961e000 	C:\WINDOWS\System32\msvcp_win.dll
0x00007ffa59000000 - 0x00007ffa59080000 	C:\WINDOWS\System32\bcryptPrimitives.dll
0x00007ffa45f60000 - 0x00007ffa45f6a000 	C:\WINDOWS\SYSTEM32\VERSION.dll
0x00007ffa5a310000 - 0x00007ffa5a33e000 	C:\WINDOWS\System32\IMM32.DLL
0x00007ffa36920000 - 0x00007ffa369ca000 	C:\Program Files\Java\jdk-12.0.2\bin\msvcp140.dll
0x00007ff9ed9e0000 - 0x00007ff9ee557000 	C:\Program Files\Java\jdk-12.0.2\bin\server\jvm.dll
0x00007ffa5b140000 - 0x00007ffa5b148000 	C:\WINDOWS\System32\PSAPI.DLL
0x00007ffa46440000 - 0x00007ffa46449000 	C:\WINDOWS\SYSTEM32\WSOCK32.dll
0x00007ffa56670000 - 0x00007ffa56694000 	C:\WINDOWS\SYSTEM32\WINMM.dll
0x00007ffa5b620000 - 0x00007ffa5b68f000 	C:\WINDOWS\System32\WS2_32.dll
0x00007ffa56640000 - 0x00007ffa5666d000 	C:\WINDOWS\SYSTEM32\winmmbase.dll
0x00007ffa59750000 - 0x00007ffa5979a000 	C:\WINDOWS\System32\cfgmgr32.dll
0x00007ffa58650000 - 0x00007ffa58661000 	C:\WINDOWS\System32\kernel.appcore.dll
0x00007ffa52960000 - 0x00007ffa52971000 	C:\Program Files\Java\jdk-12.0.2\bin\verify.dll
0x00007ffa4dc80000 - 0x00007ffa4de74000 	C:\WINDOWS\SYSTEM32\DBGHELP.DLL
0x00007ffa4dc50000 - 0x00007ffa4dc7a000 	C:\WINDOWS\SYSTEM32\dbgcore.DLL
0x00007ffa3c420000 - 0x00007ffa3c446000 	C:\Program Files\Java\jdk-12.0.2\bin\java.dll
0x00007ffa46d80000 - 0x00007ffa46d97000 	C:\Program Files\Java\jdk-12.0.2\bin\zip.dll
0x00007ffa52be0000 - 0x00007ffa52bea000 	C:\Program Files\Java\jdk-12.0.2\bin\jimage.dll

dbghelp: loaded successfully - version: 4.0.5 - missing functions: none
symbol engine: initialized successfully - sym options: 0x614 - pdb path: .;C:\Program Files\Java\jdk-12.0.2\bin;C:\WINDOWS\SYSTEM32;C:\WINDOWS\WinSxS\amd64_microsoft.windows.common-controls_6595b64144ccf1df_6.0.18362.836_none_e6c4b943130f18ed;C:\Program Files\Java\jdk-12.0.2\bin\server

VM Arguments:
java_command: JavaEDT.Essai1
java_class_path (initial): C:\Users\User\Documents\000 3ème année Ingé\Java\Java-EDT\target\classes
Launcher Type: SUN_STANDARD

[Global flags]
     intx CICompilerCount                          = 3                                         {product} {ergonomic}
     uint ConcGCThreads                            = 1                                         {product} {ergonomic}
     uint G1ConcRefinementThreads                  = 4                                         {product} {ergonomic}
   size_t G1HeapRegionSize                         = 1048576                                   {product} {ergonomic}
    uintx GCDrainStackTargetSize                   = 64                                        {product} {ergonomic}
   size_t InitialHeapSize                          = 134217728                                 {product} {ergonomic}
   size_t MarkStackSize                            = 4194304                                   {product} {ergonomic}
   size_t MaxHeapSize                              = 2128609280                                {product} {ergonomic}
   size_t MinHeapDeltaBytes                        = 1048576                                   {product} {ergonomic}
    uintx NonNMethodCodeHeapSize                   = 5830732                                {pd product} {ergonomic}
    uintx NonProfiledCodeHeapSize                  = 122913754                              {pd product} {ergonomic}
    uintx ProfiledCodeHeapSize                     = 122913754                              {pd product} {ergonomic}
    uintx ReservedCodeCacheSize                    = 251658240                              {pd product} {ergonomic}
     bool SegmentedCodeCache                       = true                                      {product} {ergonomic}
     bool UseCompressedClassPointers               = true                                 {lp64_product} {ergonomic}
     bool UseCompressedOops                        = true                                 {lp64_product} {ergonomic}
     bool UseG1GC                                  = true                                      {product} {ergonomic}
     bool UseLargePagesIndividualAllocation        = false                                  {pd product} {ergonomic}

Logging:
Log output configuration:
 #0: stdout all=warning uptime,level,tags
 #1: stderr all=off uptime,level,tags

Environment Variables:
JAVA_HOME=C:\Program Files\Java\jdk-12.0.2
PATH=C:\WINDOWS\system32;C:\WINDOWS;C:\WINDOWS\System32\Wbem;C:\WINDOWS\System32\WindowsPowerShell\v1.0\;C:\Program Files (x86)\Windows Live\Shared;C:\WINDOWS\System32\OpenSSH\;C:\Program Files\Git\cmd;C:\Program Files\doxygen\bin;C:\Users\User\AppData\Local\Microsoft\WindowsApps;
USERNAME=User
OS=Windows_NT
PROCESSOR_IDENTIFIER=Intel64 Family 6 Model 78 Stepping 3, GenuineIntel



---------------  S Y S T E M  ---------------

OS: Windows 10 , 64 bit Build 18362 (10.0.18362.778)

CPU:total 4 (initial active 4) (2 cores per cpu, 2 threads per core) family 6 model 78 stepping 3, cmov, cx8, fxsr, mmx, sse, sse2, sse3, ssse3, sse4.1, sse4.2, popcnt, avx, avx2, aes, clmul, erms, rtm, 3dnowpref, lzcnt, ht, tsc, tscinvbit, bmi1, bmi2, adx, fma

Memory: 4k page, system-wide physical 8113M (321M free)
TotalPageFile size 23204M (AvailPageFile size 47M)
current process WorkingSet (physical memory assigned to process): 9M, peak: 9M
current process commit charge ("private bytes"): 52M, peak: 179M

vm_info: Java HotSpot(TM) 64-Bit Server VM (12.0.2+10) for windows-amd64 JRE (12.0.2+10), built on Jul 16 2019 01:56:17 by "mach5one" with MS VC++ 15.5 (VS2017)

END.
